<?xml version="1.0" encoding="UTF-8"?>
<!-- Generated by org.testng.reporters.JUnitReportReporter -->
<testsuite hostname="YASH" failures="0" tests="1" name="learnTestNG.ReadDataByUsing_DataProviderAnnotation_InSameCalass" time="31.583" errors="0" timestamp="2023-08-29T11:31:32 IST" skipped="0">
  <testcase classname="learnTestNG.ReadDataByUsing_DataProviderAnnotation_InSameCalass" name="dataReadingFromDataProvider" time="31.583"/>
  <system-out/>
</testsuite> <!-- learnTestNG.ReadDataByUsing_DataProviderAnnotation_InSameCalass -->
