<?xml version="1.0" encoding="UTF-8"?>
<!-- Generated by org.testng.reporters.JUnitReportReporter -->
<testsuite hostname="YASH" failures="0" tests="1" name="learnTestNG.PlayWithCookies" time="7.600" errors="0" timestamp="2023-09-05T08:50:15 IST" skipped="0">
  <testcase classname="learnTestNG.PlayWithCookies" name="handleCookies" time="7.600"/>
  <system-out/>
</testsuite> <!-- learnTestNG.PlayWithCookies -->
