<?xml version="1.0" encoding="UTF-8"?>
<!-- Generated by org.testng.reporters.JUnitReportReporter -->
<testsuite hostname="YASH" failures="0" tests="2" name="learnTestNG.UseOfBefore_AfterClass" time="32.192" errors="0" timestamp="2023-08-27T11:28:07 IST" skipped="0">
  <testcase classname="learnTestNG.UseOfBefore_AfterClass" name="loginToActiTime" time="22.520"/>
  <system-out/>
  <testcase classname="learnTestNG.UseOfBefore_AfterClass" name="loginToVtiger" time="9.672"/>
  <system-out/>
</testsuite> <!-- learnTestNG.UseOfBefore_AfterClass -->
