<?xml version="1.0" encoding="UTF-8"?>
<!-- Generated by org.testng.reporters.JUnitReportReporter -->
<testsuite hostname="YASH" failures="0" tests="3" name="Practice.CrossBrowserTesting" time="89.064" errors="0" timestamp="2024-03-31T17:29:35 IST" skipped="0">
  <testcase classname="Practice.CrossBrowserTesting" name="verifyTitle" time="25.589"/>
  <system-out/>
  <testcase classname="Practice.CrossBrowserTesting" name="verifyTitle" time="27.332"/>
  <system-out/>
  <testcase classname="Practice.CrossBrowserTesting" name="verifyTitle" time="36.143"/>
  <system-out/>
</testsuite> <!-- Practice.CrossBrowserTesting -->
