<?xml version="1.0" encoding="UTF-8"?>
<!-- Generated by org.testng.reporters.JUnitReportReporter -->
<testsuite hostname="YASH" failures="0" tests="7" name="learnTestNG.ExecuteWithInvocationCountArgument" time="0.015" errors="0" timestamp="2023-08-27T11:28:07 IST" skipped="0">
  <testcase classname="learnTestNG.ExecuteWithInvocationCountArgument" name="productPage" time="0.001"/>
  <system-out/>
  <testcase classname="learnTestNG.ExecuteWithInvocationCountArgument" name="login" time="0.004"/>
  <system-out/>
  <testcase classname="learnTestNG.ExecuteWithInvocationCountArgument" name="login" time="0.002"/>
  <system-out/>
  <testcase classname="learnTestNG.ExecuteWithInvocationCountArgument" name="homePage" time="0.002"/>
  <system-out/>
  <testcase classname="learnTestNG.ExecuteWithInvocationCountArgument" name="homePage" time="0.003"/>
  <system-out/>
  <testcase classname="learnTestNG.ExecuteWithInvocationCountArgument" name="login" time="0.001"/>
  <system-out/>
  <testcase classname="learnTestNG.ExecuteWithInvocationCountArgument" name="productPage" time="0.002"/>
  <system-out/>
</testsuite> <!-- learnTestNG.ExecuteWithInvocationCountArgument -->
