<?xml version="1.0" encoding="UTF-8"?>
<!-- Generated by org.testng.reporters.JUnitReportReporter -->
<testsuite hostname="YASH" failures="0" tests="1" name="learnTestNG.RunTestNGWithoutMainMethod" time="0.009" errors="0" timestamp="2023-08-27T11:28:07 IST" skipped="0">
  <testcase classname="learnTestNG.RunTestNGWithoutMainMethod" name="demo" time="0.009"/>
  <system-out/>
</testsuite> <!-- learnTestNG.RunTestNGWithoutMainMethod -->
