<?xml version="1.0" encoding="UTF-8"?>
<!-- Generated by org.testng.reporters.JUnitReportReporter -->
<testsuite hostname="YASH" failures="0" tests="1" name="learnTestNG.Assertions" time="8.918" errors="0" timestamp="2023-09-05T08:26:20 IST" skipped="0">
  <testcase classname="learnTestNG.Assertions" name="hrdAssert" time="8.918"/>
  <system-out/>
</testsuite> <!-- learnTestNG.Assertions -->
