<?xml version="1.0" encoding="UTF-8"?>
<!-- Generated by org.testng.reporters.JUnitReportReporter -->
<testsuite hostname="YASH" failures="0" tests="3" name="learnTestNG.Group3" time="0.003" errors="0" timestamp="2023-08-27T11:28:07 IST" skipped="0">
  <testcase classname="learnTestNG.Group3" name="l" time="0.001"/>
  <system-out/>
  <testcase classname="learnTestNG.Group3" name="m" time="0.001"/>
  <system-out/>
  <testcase classname="learnTestNG.Group3" name="k" time="0.001"/>
  <system-out/>
</testsuite> <!-- learnTestNG.Group3 -->
