<?xml version="1.0" encoding="UTF-8"?>
<!-- Generated by org.testng.reporters.JUnitReportReporter -->
<testsuite hostname="YASH" failures="0" tests="3" name="learnTestNG.PriorityArgument" time="0.008" errors="0" timestamp="2023-08-27T11:28:07 IST" skipped="0">
  <testcase classname="learnTestNG.PriorityArgument" name="loginPage" time="0.002"/>
  <system-out/>
  <testcase classname="learnTestNG.PriorityArgument" name="homePage" time="0.004"/>
  <system-out/>
  <testcase classname="learnTestNG.PriorityArgument" name="productPage" time="0.002"/>
  <system-out/>
</testsuite> <!-- learnTestNG.PriorityArgument -->
