<?xml version="1.0" encoding="UTF-8"?>
<!-- Generated by org.testng.reporters.JUnitReportReporter -->
<testsuite hostname="YASH" failures="0" tests="9" name="learnTestNG.Arguments" time="0.041" errors="0" timestamp="2023-08-27T11:28:07 IST" skipped="0">
  <testcase classname="learnTestNG.Arguments" name="loginPage" time="0.003"/>
  <system-out/>
  <testcase classname="learnTestNG.Arguments" name="loginPage" time="0.018"/>
  <system-out/>
  <testcase classname="learnTestNG.Arguments" name="loginPage" time="0.004"/>
  <system-out/>
  <testcase classname="learnTestNG.Arguments" name="homePage" time="0.003"/>
  <system-out/>
  <testcase classname="learnTestNG.Arguments" name="productPage" time="0.004"/>
  <system-out/>
  <testcase classname="learnTestNG.Arguments" name="addToCart" time="0.001"/>
  <system-out/>
  <testcase classname="learnTestNG.Arguments" name="addToCart" time="0.002"/>
  <system-out/>
  <testcase classname="learnTestNG.Arguments" name="paymentPage" time="0.002"/>
  <system-out/>
  <testcase classname="learnTestNG.Arguments" name="paymentPage" time="0.004"/>
  <system-out/>
</testsuite> <!-- learnTestNG.Arguments -->
