<?xml version="1.0" encoding="UTF-8"?>
<!-- Generated by org.testng.reporters.JUnitReportReporter -->
<testsuite hostname="YASH" failures="0" tests="3" name="learnTestNG.Group1" time="0.006" errors="0" timestamp="2023-08-27T11:28:07 IST" skipped="0">
  <testcase classname="learnTestNG.Group1" name="c" time="0.001"/>
  <system-out/>
  <testcase classname="learnTestNG.Group1" name="a" time="0.004"/>
  <system-out/>
  <testcase classname="learnTestNG.Group1" name="b" time="0.001"/>
  <system-out/>
</testsuite> <!-- learnTestNG.Group1 -->
