<?xml version="1.0" encoding="UTF-8"?>
<!-- Generated by org.testng.reporters.JUnitReportReporter -->
<testsuite hostname="YASH" failures="0" tests="1" name="learnTestNG.ReadDataByUsing_DataProviderAnnotation_inDiffClass" time="29.235" errors="0" timestamp="2023-08-29T12:04:43 IST" skipped="0">
  <testcase classname="learnTestNG.ReadDataByUsing_DataProviderAnnotation_inDiffClass" name="ReadDataFromDataProvider_InDiffClass" time="29.235"/>
  <system-out/>
</testsuite> <!-- learnTestNG.ReadDataByUsing_DataProviderAnnotation_inDiffClass -->
