<?xml version="1.0" encoding="UTF-8"?>
<!-- Generated by org.testng.reporters.JUnitReportReporter -->
<testsuite hostname="YASH" failures="0" tests="1" name="learnTestNG.ReadDataByUsing_DataProviderAnnotation_insameClass" time="31.897" errors="0" timestamp="2023-08-29T11:57:12 IST" skipped="0">
  <testcase classname="learnTestNG.ReadDataByUsing_DataProviderAnnotation_insameClass" name="readDataFromDataProvider_InSameClass" time="31.897"/>
  <system-out/>
</testsuite> <!-- learnTestNG.ReadDataByUsing_DataProviderAnnotation_insameClass -->
