<?xml version="1.0" encoding="UTF-8"?>
<!-- Generated by org.testng.reporters.JUnitReportReporter -->
<testsuite hostname="YASH" failures="0" tests="1" name="trc.travel" time="11.318" errors="0" timestamp="2024-01-29T16:37:33 IST" skipped="0">
  <testcase classname="trc.travel" name="run" time="11.318"/>
  <system-out/>
</testsuite> <!-- trc.travel -->
