<?xml version="1.0" encoding="UTF-8"?>
<!-- Generated by org.testng.reporters.JUnitReportReporter -->
<testsuite hostname="YASH" failures="0" tests="2" name="learnTestNG.DemoPreAndPostConditionThroughAnnotations" time="41.058" errors="0" timestamp="2023-08-27T11:28:07 IST" skipped="0">
  <testcase classname="learnTestNG.DemoPreAndPostConditionThroughAnnotations" name="loginToActiTime" time="35.433"/>
  <system-out/>
  <testcase classname="learnTestNG.DemoPreAndPostConditionThroughAnnotations" name="loginToVtiger" time="5.625"/>
  <system-out/>
</testsuite> <!-- learnTestNG.DemoPreAndPostConditionThroughAnnotations -->
