<?xml version="1.0" encoding="UTF-8"?>
<!-- Generated by org.testng.reporters.JUnitReportReporter -->
<testsuite hostname="YASH" failures="0" tests="2" name="learnTestNG.BeforeMethodAnnotation" time="33.578" errors="0" timestamp="2023-08-25T23:16:01 IST" skipped="0">
  <testcase classname="learnTestNG.BeforeMethodAnnotation" name="loginToActiTime" time="25.663"/>
  <system-out/>
  <testcase classname="learnTestNG.BeforeMethodAnnotation" name="loginToVtiger" time="7.915"/>
  <system-out/>
</testsuite> <!-- learnTestNG.BeforeMethodAnnotation -->
