<?xml version="1.0" encoding="UTF-8"?>
<!-- Generated by org.testng.reporters.JUnitReportReporter -->
<testsuite hostname="YASH" failures="0" tests="6" name="learnTestNG.CreateDependenciesBetweenTestCases" time="0.006" errors="0" timestamp="2023-08-27T11:28:07 IST" skipped="0">
  <testcase classname="learnTestNG.CreateDependenciesBetweenTestCases" name="loginPage" time="0.001"/>
  <system-out/>
  <testcase classname="learnTestNG.CreateDependenciesBetweenTestCases" name="loginPage" time="0.001"/>
  <system-out/>
  <testcase classname="learnTestNG.CreateDependenciesBetweenTestCases" name="homePage" time="0.001"/>
  <system-out/>
  <testcase classname="learnTestNG.CreateDependenciesBetweenTestCases" name="productPage" time="0.001"/>
  <system-out/>
  <testcase classname="learnTestNG.CreateDependenciesBetweenTestCases" name="productPage" time="0.001"/>
  <system-out/>
  <testcase classname="learnTestNG.CreateDependenciesBetweenTestCases" name="productPage" time="0.001"/>
  <system-out/>
</testsuite> <!-- learnTestNG.CreateDependenciesBetweenTestCases -->
