<?xml version="1.0" encoding="UTF-8"?>
<!-- Generated by org.testng.reporters.JUnitReportReporter -->
<testsuite hostname="YASH" failures="0" tests="3" name="learnTestNG.UsingTestAnnotationWithoutPriority" time="0.005" errors="0" timestamp="2023-08-27T11:28:07 IST" skipped="0">
  <testcase classname="learnTestNG.UsingTestAnnotationWithoutPriority" name="productPage" time="0.001"/>
  <system-out/>
  <testcase classname="learnTestNG.UsingTestAnnotationWithoutPriority" name="loginPage" time="0.002"/>
  <system-out/>
  <testcase classname="learnTestNG.UsingTestAnnotationWithoutPriority" name="homePage" time="0.002"/>
  <system-out/>
</testsuite> <!-- learnTestNG.UsingTestAnnotationWithoutPriority -->
