<?xml version="1.0" encoding="UTF-8"?>
<!-- Generated by org.testng.reporters.JUnitReportReporter -->
<testsuite hostname="YASH" failures="0" tests="3" name="learnTestNG.Group2" time="0.006" errors="0" timestamp="2023-08-27T11:28:07 IST" skipped="0">
  <testcase classname="learnTestNG.Group2" name="h" time="0.003"/>
  <system-out/>
  <testcase classname="learnTestNG.Group2" name="g" time="0.002"/>
  <system-out/>
  <testcase classname="learnTestNG.Group2" name="f" time="0.001"/>
  <system-out/>
</testsuite> <!-- learnTestNG.Group2 -->
