<?xml version="1.0" encoding="UTF-8"?>
<!-- Generated by org.testng.reporters.JUnitReportReporter -->
<testsuite hostname="YASH" failures="0" tests="2" name="learnTestNG.BeforeMethodAfterMethodAnnotation" time="26.607" errors="0" timestamp="2023-08-27T11:28:07 IST" skipped="0">
  <testcase classname="learnTestNG.BeforeMethodAfterMethodAnnotation" name="loginToActiTime" time="20.233"/>
  <system-out/>
  <testcase classname="learnTestNG.BeforeMethodAfterMethodAnnotation" name="loginToVtiger" time="6.374"/>
  <system-out/>
</testsuite> <!-- learnTestNG.BeforeMethodAfterMethodAnnotation -->
