<?xml version="1.0" encoding="UTF-8"?>
<!-- Generated by org.testng.reporters.JUnitReportReporter -->
<testsuite hostname="YASH" failures="0" tests="3" name="learnTestNG.DisableMethodFromExecution" time="0.002" errors="0" timestamp="2023-08-27T11:28:07 IST" skipped="2">
  <testcase classname="learnTestNG.DisableMethodFromExecution" name="productPage" time="0.002"/>
  <system-out/>
  <testcase classname="learnTestNG.DisableMethodFromExecution" name="homePage">
    <skipped/>
  </testcase> <!-- homePage -->
  <system-out/>
  <testcase classname="learnTestNG.DisableMethodFromExecution" name="login">
    <skipped/>
  </testcase> <!-- login -->
  <system-out/>
</testsuite> <!-- learnTestNG.DisableMethodFromExecution -->
